[2020-04-14 17:13:38,078] INFO Starting the log cleaner (kafka.log.LogCleaner)
[2020-04-14 17:13:38,273] INFO [kafka-log-cleaner-thread-0]: Starting (kafka.log.LogCleaner)
[2020-04-14 17:14:06,259] INFO Shutting down the log cleaner. (kafka.log.LogCleaner)
[2020-04-14 17:14:06,259] INFO [kafka-log-cleaner-thread-0]: Shutting down (kafka.log.LogCleaner)
[2020-04-14 17:14:06,259] INFO [kafka-log-cleaner-thread-0]: Stopped (kafka.log.LogCleaner)
[2020-04-14 17:14:06,259] INFO [kafka-log-cleaner-thread-0]: Shutdown completed (kafka.log.LogCleaner)
[2020-04-14 17:15:26,162] INFO Starting the log cleaner (kafka.log.LogCleaner)
[2020-04-14 17:15:26,248] INFO [kafka-log-cleaner-thread-0]: Starting (kafka.log.LogCleaner)
[2020-04-14 17:17:24,080] INFO The cleaning for partition account-0 is aborted and paused (kafka.log.LogCleaner)
[2020-04-14 17:17:24,081] INFO Compaction for partition account-0 is resumed (kafka.log.LogCleaner)
[2020-04-14 17:17:24,082] INFO The cleaning for partition account-0 is aborted (kafka.log.LogCleaner)
[2020-04-14 17:18:51,040] INFO The cleaning for partition passport-0 is aborted and paused (kafka.log.LogCleaner)
[2020-04-14 17:18:51,040] INFO Compaction for partition passport-0 is resumed (kafka.log.LogCleaner)
[2020-04-14 17:18:51,040] INFO The cleaning for partition passport-0 is aborted (kafka.log.LogCleaner)
[2020-04-14 17:19:08,686] INFO The cleaning for partition profile-0 is aborted and paused (kafka.log.LogCleaner)
[2020-04-14 17:19:08,686] INFO Compaction for partition profile-0 is resumed (kafka.log.LogCleaner)
[2020-04-14 17:19:08,686] INFO The cleaning for partition profile-0 is aborted (kafka.log.LogCleaner)
[2020-04-14 17:19:31,005] INFO The cleaning for partition response_topic-0 is aborted and paused (kafka.log.LogCleaner)
[2020-04-14 17:19:31,005] INFO Compaction for partition response_topic-0 is resumed (kafka.log.LogCleaner)
[2020-04-14 17:19:31,005] INFO The cleaning for partition response_topic-0 is aborted (kafka.log.LogCleaner)
[2020-04-14 17:20:42,715] INFO Shutting down the log cleaner. (kafka.log.LogCleaner)
[2020-04-14 17:20:42,717] INFO [kafka-log-cleaner-thread-0]: Shutting down (kafka.log.LogCleaner)
[2020-04-14 17:20:42,717] INFO [kafka-log-cleaner-thread-0]: Stopped (kafka.log.LogCleaner)
[2020-04-14 17:20:42,717] INFO [kafka-log-cleaner-thread-0]: Shutdown completed (kafka.log.LogCleaner)
[2020-04-14 17:21:41,624] INFO Starting the log cleaner (kafka.log.LogCleaner)
[2020-04-14 17:21:41,703] INFO [kafka-log-cleaner-thread-0]: Starting (kafka.log.LogCleaner)
[2020-04-14 17:29:42,973] INFO The cleaning for partition response_topic-0 is aborted and paused (kafka.log.LogCleaner)
[2020-04-14 17:29:42,975] INFO Compaction for partition response_topic-0 is resumed (kafka.log.LogCleaner)
[2020-04-14 17:29:42,976] INFO The cleaning for partition response_topic-0 is aborted (kafka.log.LogCleaner)
[2020-04-14 17:29:58,966] INFO The cleaning for partition response_topic_amazon-0 is aborted and paused (kafka.log.LogCleaner)
[2020-04-14 17:29:58,966] INFO Compaction for partition response_topic_amazon-0 is resumed (kafka.log.LogCleaner)
[2020-04-14 17:29:58,966] INFO The cleaning for partition response_topic_amazon-0 is aborted (kafka.log.LogCleaner)
