[2020-04-13 15:16:13,489] TRACE [Controller id=0 epoch=12] Sending UpdateMetadata request PartitionState(controllerEpoch=1, leader=0, leaderEpoch=0, isr=[0], zkVersion=0, replicas=[0], offlineReplicas=[]) to brokers Set(0) for partition student-0 (state.change.logger)
[2020-04-13 15:16:13,491] TRACE [Controller id=0 epoch=12] Sending UpdateMetadata request PartitionState(controllerEpoch=1, leader=0, leaderEpoch=0, isr=[0], zkVersion=0, replicas=[0], offlineReplicas=[]) to brokers Set(0) for partition studentActivities-0 (state.change.logger)
[2020-04-13 15:16:13,491] TRACE [Controller id=0 epoch=12] Sending UpdateMetadata request PartitionState(controllerEpoch=1, leader=0, leaderEpoch=0, isr=[0], zkVersion=0, replicas=[0], offlineReplicas=[]) to brokers Set(0) for partition companyActivities-0 (state.change.logger)
[2020-04-13 15:16:13,491] TRACE [Controller id=0 epoch=12] Sending UpdateMetadata request PartitionState(controllerEpoch=1, leader=0, leaderEpoch=0, isr=[0], zkVersion=0, replicas=[0], offlineReplicas=[]) to brokers Set(0) for partition company-0 (state.change.logger)
[2020-04-13 15:16:13,491] TRACE [Controller id=0 epoch=12] Sending UpdateMetadata request PartitionState(controllerEpoch=1, leader=0, leaderEpoch=0, isr=[0], zkVersion=0, replicas=[0], offlineReplicas=[]) to brokers Set(0) for partition response_topic-0 (state.change.logger)
[2020-04-13 15:16:13,491] TRACE [Controller id=0 epoch=12] Sending UpdateMetadata request PartitionState(controllerEpoch=1, leader=0, leaderEpoch=0, isr=[0], zkVersion=0, replicas=[0], offlineReplicas=[]) to brokers Set(0) for partition account-0 (state.change.logger)
[2020-04-13 15:16:13,494] TRACE [Controller id=0 epoch=12] Changed state of replica 0 for partition company-0 from OnlineReplica to OnlineReplica (state.change.logger)
[2020-04-13 15:16:13,494] TRACE [Controller id=0 epoch=12] Changed state of replica 0 for partition student-0 from OnlineReplica to OnlineReplica (state.change.logger)
[2020-04-13 15:16:13,494] TRACE [Controller id=0 epoch=12] Changed state of replica 0 for partition response_topic-0 from OnlineReplica to OnlineReplica (state.change.logger)
[2020-04-13 15:16:13,495] TRACE [Controller id=0 epoch=12] Changed state of replica 0 for partition studentActivities-0 from OnlineReplica to OnlineReplica (state.change.logger)
[2020-04-13 15:16:13,495] TRACE [Controller id=0 epoch=12] Changed state of replica 0 for partition companyActivities-0 from OnlineReplica to OnlineReplica (state.change.logger)
[2020-04-13 15:16:13,495] TRACE [Controller id=0 epoch=12] Changed state of replica 0 for partition account-0 from OnlineReplica to OnlineReplica (state.change.logger)
[2020-04-13 15:16:13,495] TRACE [Controller id=0 epoch=12] Sending become-leader LeaderAndIsr request PartitionState(controllerEpoch=1, leader=0, leaderEpoch=0, isr=0, zkVersion=0, replicas=0, isNew=false) to broker 0 for partition student-0 (state.change.logger)
[2020-04-13 15:16:13,495] TRACE [Controller id=0 epoch=12] Sending become-leader LeaderAndIsr request PartitionState(controllerEpoch=1, leader=0, leaderEpoch=0, isr=0, zkVersion=0, replicas=0, isNew=false) to broker 0 for partition studentActivities-0 (state.change.logger)
[2020-04-13 15:16:13,495] TRACE [Controller id=0 epoch=12] Sending become-leader LeaderAndIsr request PartitionState(controllerEpoch=1, leader=0, leaderEpoch=0, isr=0, zkVersion=0, replicas=0, isNew=false) to broker 0 for partition companyActivities-0 (state.change.logger)
[2020-04-13 15:16:13,495] TRACE [Controller id=0 epoch=12] Sending become-leader LeaderAndIsr request PartitionState(controllerEpoch=1, leader=0, leaderEpoch=0, isr=0, zkVersion=0, replicas=0, isNew=false) to broker 0 for partition company-0 (state.change.logger)
[2020-04-13 15:16:13,495] TRACE [Controller id=0 epoch=12] Sending become-leader LeaderAndIsr request PartitionState(controllerEpoch=1, leader=0, leaderEpoch=0, isr=0, zkVersion=0, replicas=0, isNew=false) to broker 0 for partition response_topic-0 (state.change.logger)
[2020-04-13 15:16:13,495] TRACE [Controller id=0 epoch=12] Sending become-leader LeaderAndIsr request PartitionState(controllerEpoch=1, leader=0, leaderEpoch=0, isr=0, zkVersion=0, replicas=0, isNew=false) to broker 0 for partition account-0 (state.change.logger)
[2020-04-13 15:16:13,496] TRACE [Controller id=0 epoch=12] Sending UpdateMetadata request PartitionState(controllerEpoch=1, leader=0, leaderEpoch=0, isr=[0], zkVersion=0, replicas=[0], offlineReplicas=[]) to brokers Set(0) for partition student-0 (state.change.logger)
[2020-04-13 15:16:13,496] TRACE [Controller id=0 epoch=12] Sending UpdateMetadata request PartitionState(controllerEpoch=1, leader=0, leaderEpoch=0, isr=[0], zkVersion=0, replicas=[0], offlineReplicas=[]) to brokers Set(0) for partition studentActivities-0 (state.change.logger)
[2020-04-13 15:16:13,496] TRACE [Controller id=0 epoch=12] Sending UpdateMetadata request PartitionState(controllerEpoch=1, leader=0, leaderEpoch=0, isr=[0], zkVersion=0, replicas=[0], offlineReplicas=[]) to brokers Set(0) for partition companyActivities-0 (state.change.logger)
[2020-04-13 15:16:13,496] TRACE [Controller id=0 epoch=12] Sending UpdateMetadata request PartitionState(controllerEpoch=1, leader=0, leaderEpoch=0, isr=[0], zkVersion=0, replicas=[0], offlineReplicas=[]) to brokers Set(0) for partition company-0 (state.change.logger)
[2020-04-13 15:16:13,496] TRACE [Controller id=0 epoch=12] Sending UpdateMetadata request PartitionState(controllerEpoch=1, leader=0, leaderEpoch=0, isr=[0], zkVersion=0, replicas=[0], offlineReplicas=[]) to brokers Set(0) for partition response_topic-0 (state.change.logger)
[2020-04-13 15:16:13,496] TRACE [Controller id=0 epoch=12] Sending UpdateMetadata request PartitionState(controllerEpoch=1, leader=0, leaderEpoch=0, isr=[0], zkVersion=0, replicas=[0], offlineReplicas=[]) to brokers Set(0) for partition account-0 (state.change.logger)
[2020-04-13 15:16:13,497] TRACE [Broker id=0] Cached leader info PartitionState(controllerEpoch=1, leader=0, leaderEpoch=0, isr=[0], zkVersion=0, replicas=[0], offlineReplicas=[]) for partition student-0 in response to UpdateMetadata request sent by controller 0 epoch 12 with correlation id 0 (state.change.logger)
[2020-04-13 15:16:13,497] TRACE [Broker id=0] Cached leader info PartitionState(controllerEpoch=1, leader=0, leaderEpoch=0, isr=[0], zkVersion=0, replicas=[0], offlineReplicas=[]) for partition response_topic-0 in response to UpdateMetadata request sent by controller 0 epoch 12 with correlation id 0 (state.change.logger)
[2020-04-13 15:16:13,498] TRACE [Broker id=0] Cached leader info PartitionState(controllerEpoch=1, leader=0, leaderEpoch=0, isr=[0], zkVersion=0, replicas=[0], offlineReplicas=[]) for partition company-0 in response to UpdateMetadata request sent by controller 0 epoch 12 with correlation id 0 (state.change.logger)
[2020-04-13 15:16:13,498] TRACE [Broker id=0] Cached leader info PartitionState(controllerEpoch=1, leader=0, leaderEpoch=0, isr=[0], zkVersion=0, replicas=[0], offlineReplicas=[]) for partition account-0 in response to UpdateMetadata request sent by controller 0 epoch 12 with correlation id 0 (state.change.logger)
[2020-04-13 15:16:13,498] TRACE [Broker id=0] Cached leader info PartitionState(controllerEpoch=1, leader=0, leaderEpoch=0, isr=[0], zkVersion=0, replicas=[0], offlineReplicas=[]) for partition studentActivities-0 in response to UpdateMetadata request sent by controller 0 epoch 12 with correlation id 0 (state.change.logger)
[2020-04-13 15:16:13,498] TRACE [Broker id=0] Cached leader info PartitionState(controllerEpoch=1, leader=0, leaderEpoch=0, isr=[0], zkVersion=0, replicas=[0], offlineReplicas=[]) for partition companyActivities-0 in response to UpdateMetadata request sent by controller 0 epoch 12 with correlation id 0 (state.change.logger)
[2020-04-13 15:16:13,498] TRACE [Controller id=0 epoch=12] Received response {error_code=0} for request UPDATE_METADATA with correlation id 0 sent to broker localhost:9092 (id: 0 rack: null) (state.change.logger)
[2020-04-13 15:16:13,499] TRACE [Broker id=0] Received LeaderAndIsr request PartitionState(controllerEpoch=1, leader=0, leaderEpoch=0, isr=0, zkVersion=0, replicas=0, isNew=false) correlation id 1 from controller 0 epoch 12 for partition student-0 (state.change.logger)
[2020-04-13 15:16:13,500] TRACE [Broker id=0] Received LeaderAndIsr request PartitionState(controllerEpoch=1, leader=0, leaderEpoch=0, isr=0, zkVersion=0, replicas=0, isNew=false) correlation id 1 from controller 0 epoch 12 for partition response_topic-0 (state.change.logger)
[2020-04-13 15:16:13,500] TRACE [Broker id=0] Received LeaderAndIsr request PartitionState(controllerEpoch=1, leader=0, leaderEpoch=0, isr=0, zkVersion=0, replicas=0, isNew=false) correlation id 1 from controller 0 epoch 12 for partition company-0 (state.change.logger)
[2020-04-13 15:16:13,500] TRACE [Broker id=0] Received LeaderAndIsr request PartitionState(controllerEpoch=1, leader=0, leaderEpoch=0, isr=0, zkVersion=0, replicas=0, isNew=false) correlation id 1 from controller 0 epoch 12 for partition account-0 (state.change.logger)
[2020-04-13 15:16:13,500] TRACE [Broker id=0] Received LeaderAndIsr request PartitionState(controllerEpoch=1, leader=0, leaderEpoch=0, isr=0, zkVersion=0, replicas=0, isNew=false) correlation id 1 from controller 0 epoch 12 for partition studentActivities-0 (state.change.logger)
[2020-04-13 15:16:13,500] TRACE [Broker id=0] Received LeaderAndIsr request PartitionState(controllerEpoch=1, leader=0, leaderEpoch=0, isr=0, zkVersion=0, replicas=0, isNew=false) correlation id 1 from controller 0 epoch 12 for partition companyActivities-0 (state.change.logger)
[2020-04-13 15:16:13,500] WARN [Broker id=0] Ignoring LeaderAndIsr request from controller 0 with correlation id 1 epoch 12 for partition student-0 since its associated leader epoch 0 is not higher than the current leader epoch 0 (state.change.logger)
[2020-04-13 15:16:13,500] WARN [Broker id=0] Ignoring LeaderAndIsr request from controller 0 with correlation id 1 epoch 12 for partition response_topic-0 since its associated leader epoch 0 is not higher than the current leader epoch 0 (state.change.logger)
[2020-04-13 15:16:13,500] WARN [Broker id=0] Ignoring LeaderAndIsr request from controller 0 with correlation id 1 epoch 12 for partition company-0 since its associated leader epoch 0 is not higher than the current leader epoch 0 (state.change.logger)
[2020-04-13 15:16:13,500] WARN [Broker id=0] Ignoring LeaderAndIsr request from controller 0 with correlation id 1 epoch 12 for partition account-0 since its associated leader epoch 0 is not higher than the current leader epoch 0 (state.change.logger)
[2020-04-13 15:16:13,500] WARN [Broker id=0] Ignoring LeaderAndIsr request from controller 0 with correlation id 1 epoch 12 for partition studentActivities-0 since its associated leader epoch 0 is not higher than the current leader epoch 0 (state.change.logger)
[2020-04-13 15:16:13,500] WARN [Broker id=0] Ignoring LeaderAndIsr request from controller 0 with correlation id 1 epoch 12 for partition companyActivities-0 since its associated leader epoch 0 is not higher than the current leader epoch 0 (state.change.logger)
[2020-04-13 15:16:13,501] TRACE [Controller id=0 epoch=12] Received response {error_code=0,partitions=[{topic=student,partition=0,error_code=11},{topic=response_topic,partition=0,error_code=11},{topic=company,partition=0,error_code=11},{topic=account,partition=0,error_code=11},{topic=studentActivities,partition=0,error_code=11},{topic=companyActivities,partition=0,error_code=11}]} for request LEADER_AND_ISR with correlation id 1 sent to broker localhost:9092 (id: 0 rack: null) (state.change.logger)
[2020-04-13 15:16:13,501] TRACE [Broker id=0] Cached leader info PartitionState(controllerEpoch=1, leader=0, leaderEpoch=0, isr=[0], zkVersion=0, replicas=[0], offlineReplicas=[]) for partition student-0 in response to UpdateMetadata request sent by controller 0 epoch 12 with correlation id 2 (state.change.logger)
[2020-04-13 15:16:13,501] TRACE [Broker id=0] Cached leader info PartitionState(controllerEpoch=1, leader=0, leaderEpoch=0, isr=[0], zkVersion=0, replicas=[0], offlineReplicas=[]) for partition response_topic-0 in response to UpdateMetadata request sent by controller 0 epoch 12 with correlation id 2 (state.change.logger)
[2020-04-13 15:16:13,501] TRACE [Broker id=0] Cached leader info PartitionState(controllerEpoch=1, leader=0, leaderEpoch=0, isr=[0], zkVersion=0, replicas=[0], offlineReplicas=[]) for partition company-0 in response to UpdateMetadata request sent by controller 0 epoch 12 with correlation id 2 (state.change.logger)
[2020-04-13 15:16:13,501] TRACE [Broker id=0] Cached leader info PartitionState(controllerEpoch=1, leader=0, leaderEpoch=0, isr=[0], zkVersion=0, replicas=[0], offlineReplicas=[]) for partition account-0 in response to UpdateMetadata request sent by controller 0 epoch 12 with correlation id 2 (state.change.logger)
[2020-04-13 15:16:13,501] TRACE [Broker id=0] Cached leader info PartitionState(controllerEpoch=1, leader=0, leaderEpoch=0, isr=[0], zkVersion=0, replicas=[0], offlineReplicas=[]) for partition studentActivities-0 in response to UpdateMetadata request sent by controller 0 epoch 12 with correlation id 2 (state.change.logger)
[2020-04-13 15:16:13,501] TRACE [Broker id=0] Cached leader info PartitionState(controllerEpoch=1, leader=0, leaderEpoch=0, isr=[0], zkVersion=0, replicas=[0], offlineReplicas=[]) for partition companyActivities-0 in response to UpdateMetadata request sent by controller 0 epoch 12 with correlation id 2 (state.change.logger)
[2020-04-13 15:16:13,502] TRACE [Controller id=0 epoch=12] Received response {error_code=0} for request UPDATE_METADATA with correlation id 2 sent to broker localhost:9092 (id: 0 rack: null) (state.change.logger)
[2020-04-13 15:20:40,169] TRACE [Controller id=0 epoch=13] Sending UpdateMetadata request PartitionState(controllerEpoch=1, leader=0, leaderEpoch=0, isr=[0], zkVersion=0, replicas=[0], offlineReplicas=[]) to brokers Set(0) for partition student-0 (state.change.logger)
[2020-04-13 15:20:40,169] TRACE [Controller id=0 epoch=13] Sending UpdateMetadata request PartitionState(controllerEpoch=1, leader=0, leaderEpoch=0, isr=[0], zkVersion=0, replicas=[0], offlineReplicas=[]) to brokers Set(0) for partition studentActivities-0 (state.change.logger)
[2020-04-13 15:20:40,169] TRACE [Controller id=0 epoch=13] Sending UpdateMetadata request PartitionState(controllerEpoch=1, leader=0, leaderEpoch=0, isr=[0], zkVersion=0, replicas=[0], offlineReplicas=[]) to brokers Set(0) for partition companyActivities-0 (state.change.logger)
[2020-04-13 15:20:40,169] TRACE [Controller id=0 epoch=13] Sending UpdateMetadata request PartitionState(controllerEpoch=1, leader=0, leaderEpoch=0, isr=[0], zkVersion=0, replicas=[0], offlineReplicas=[]) to brokers Set(0) for partition company-0 (state.change.logger)
[2020-04-13 15:20:40,169] TRACE [Controller id=0 epoch=13] Sending UpdateMetadata request PartitionState(controllerEpoch=1, leader=0, leaderEpoch=0, isr=[0], zkVersion=0, replicas=[0], offlineReplicas=[]) to brokers Set(0) for partition response_topic-0 (state.change.logger)
[2020-04-13 15:20:40,169] TRACE [Controller id=0 epoch=13] Sending UpdateMetadata request PartitionState(controllerEpoch=1, leader=0, leaderEpoch=0, isr=[0], zkVersion=0, replicas=[0], offlineReplicas=[]) to brokers Set(0) for partition account-0 (state.change.logger)
[2020-04-13 15:20:40,170] TRACE [Controller id=0 epoch=13] Changed state of replica 0 for partition company-0 from OnlineReplica to OnlineReplica (state.change.logger)
[2020-04-13 15:20:40,170] TRACE [Controller id=0 epoch=13] Changed state of replica 0 for partition student-0 from OnlineReplica to OnlineReplica (state.change.logger)
[2020-04-13 15:20:40,170] TRACE [Controller id=0 epoch=13] Changed state of replica 0 for partition response_topic-0 from OnlineReplica to OnlineReplica (state.change.logger)
[2020-04-13 15:20:40,170] TRACE [Controller id=0 epoch=13] Changed state of replica 0 for partition studentActivities-0 from OnlineReplica to OnlineReplica (state.change.logger)
[2020-04-13 15:20:40,170] TRACE [Broker id=0] Cached leader info PartitionState(controllerEpoch=1, leader=0, leaderEpoch=0, isr=[0], zkVersion=0, replicas=[0], offlineReplicas=[]) for partition student-0 in response to UpdateMetadata request sent by controller 0 epoch 13 with correlation id 0 (state.change.logger)
[2020-04-13 15:20:40,170] TRACE [Controller id=0 epoch=13] Changed state of replica 0 for partition companyActivities-0 from OnlineReplica to OnlineReplica (state.change.logger)
[2020-04-13 15:20:40,170] TRACE [Broker id=0] Cached leader info PartitionState(controllerEpoch=1, leader=0, leaderEpoch=0, isr=[0], zkVersion=0, replicas=[0], offlineReplicas=[]) for partition response_topic-0 in response to UpdateMetadata request sent by controller 0 epoch 13 with correlation id 0 (state.change.logger)
[2020-04-13 15:20:40,170] TRACE [Broker id=0] Cached leader info PartitionState(controllerEpoch=1, leader=0, leaderEpoch=0, isr=[0], zkVersion=0, replicas=[0], offlineReplicas=[]) for partition company-0 in response to UpdateMetadata request sent by controller 0 epoch 13 with correlation id 0 (state.change.logger)
[2020-04-13 15:20:40,170] TRACE [Broker id=0] Cached leader info PartitionState(controllerEpoch=1, leader=0, leaderEpoch=0, isr=[0], zkVersion=0, replicas=[0], offlineReplicas=[]) for partition account-0 in response to UpdateMetadata request sent by controller 0 epoch 13 with correlation id 0 (state.change.logger)
[2020-04-13 15:20:40,170] TRACE [Controller id=0 epoch=13] Changed state of replica 0 for partition account-0 from OnlineReplica to OnlineReplica (state.change.logger)
[2020-04-13 15:20:40,170] TRACE [Broker id=0] Cached leader info PartitionState(controllerEpoch=1, leader=0, leaderEpoch=0, isr=[0], zkVersion=0, replicas=[0], offlineReplicas=[]) for partition studentActivities-0 in response to UpdateMetadata request sent by controller 0 epoch 13 with correlation id 0 (state.change.logger)
[2020-04-13 15:20:40,170] TRACE [Broker id=0] Cached leader info PartitionState(controllerEpoch=1, leader=0, leaderEpoch=0, isr=[0], zkVersion=0, replicas=[0], offlineReplicas=[]) for partition companyActivities-0 in response to UpdateMetadata request sent by controller 0 epoch 13 with correlation id 0 (state.change.logger)
[2020-04-13 15:20:40,170] TRACE [Controller id=0 epoch=13] Sending become-leader LeaderAndIsr request PartitionState(controllerEpoch=1, leader=0, leaderEpoch=0, isr=0, zkVersion=0, replicas=0, isNew=false) to broker 0 for partition student-0 (state.change.logger)
[2020-04-13 15:20:40,170] TRACE [Controller id=0 epoch=13] Sending become-leader LeaderAndIsr request PartitionState(controllerEpoch=1, leader=0, leaderEpoch=0, isr=0, zkVersion=0, replicas=0, isNew=false) to broker 0 for partition studentActivities-0 (state.change.logger)
[2020-04-13 15:20:40,170] TRACE [Controller id=0 epoch=13] Sending become-leader LeaderAndIsr request PartitionState(controllerEpoch=1, leader=0, leaderEpoch=0, isr=0, zkVersion=0, replicas=0, isNew=false) to broker 0 for partition companyActivities-0 (state.change.logger)
[2020-04-13 15:20:40,171] TRACE [Controller id=0 epoch=13] Sending become-leader LeaderAndIsr request PartitionState(controllerEpoch=1, leader=0, leaderEpoch=0, isr=0, zkVersion=0, replicas=0, isNew=false) to broker 0 for partition company-0 (state.change.logger)
[2020-04-13 15:20:40,171] TRACE [Controller id=0 epoch=13] Sending become-leader LeaderAndIsr request PartitionState(controllerEpoch=1, leader=0, leaderEpoch=0, isr=0, zkVersion=0, replicas=0, isNew=false) to broker 0 for partition response_topic-0 (state.change.logger)
[2020-04-13 15:20:40,171] TRACE [Controller id=0 epoch=13] Sending become-leader LeaderAndIsr request PartitionState(controllerEpoch=1, leader=0, leaderEpoch=0, isr=0, zkVersion=0, replicas=0, isNew=false) to broker 0 for partition account-0 (state.change.logger)
[2020-04-13 15:20:40,171] TRACE [Controller id=0 epoch=13] Received response {error_code=0} for request UPDATE_METADATA with correlation id 0 sent to broker localhost:9092 (id: 0 rack: null) (state.change.logger)
[2020-04-13 15:20:40,171] TRACE [Controller id=0 epoch=13] Sending UpdateMetadata request PartitionState(controllerEpoch=1, leader=0, leaderEpoch=0, isr=[0], zkVersion=0, replicas=[0], offlineReplicas=[]) to brokers Set(0) for partition student-0 (state.change.logger)
[2020-04-13 15:20:40,171] TRACE [Controller id=0 epoch=13] Sending UpdateMetadata request PartitionState(controllerEpoch=1, leader=0, leaderEpoch=0, isr=[0], zkVersion=0, replicas=[0], offlineReplicas=[]) to brokers Set(0) for partition studentActivities-0 (state.change.logger)
[2020-04-13 15:20:40,171] TRACE [Controller id=0 epoch=13] Sending UpdateMetadata request PartitionState(controllerEpoch=1, leader=0, leaderEpoch=0, isr=[0], zkVersion=0, replicas=[0], offlineReplicas=[]) to brokers Set(0) for partition companyActivities-0 (state.change.logger)
[2020-04-13 15:20:40,171] TRACE [Controller id=0 epoch=13] Sending UpdateMetadata request PartitionState(controllerEpoch=1, leader=0, leaderEpoch=0, isr=[0], zkVersion=0, replicas=[0], offlineReplicas=[]) to brokers Set(0) for partition company-0 (state.change.logger)
[2020-04-13 15:20:40,171] TRACE [Controller id=0 epoch=13] Sending UpdateMetadata request PartitionState(controllerEpoch=1, leader=0, leaderEpoch=0, isr=[0], zkVersion=0, replicas=[0], offlineReplicas=[]) to brokers Set(0) for partition response_topic-0 (state.change.logger)
[2020-04-13 15:20:40,171] TRACE [Controller id=0 epoch=13] Sending UpdateMetadata request PartitionState(controllerEpoch=1, leader=0, leaderEpoch=0, isr=[0], zkVersion=0, replicas=[0], offlineReplicas=[]) to brokers Set(0) for partition account-0 (state.change.logger)
[2020-04-13 15:20:40,171] TRACE [Broker id=0] Received LeaderAndIsr request PartitionState(controllerEpoch=1, leader=0, leaderEpoch=0, isr=0, zkVersion=0, replicas=0, isNew=false) correlation id 1 from controller 0 epoch 13 for partition student-0 (state.change.logger)
[2020-04-13 15:20:40,171] TRACE [Broker id=0] Received LeaderAndIsr request PartitionState(controllerEpoch=1, leader=0, leaderEpoch=0, isr=0, zkVersion=0, replicas=0, isNew=false) correlation id 1 from controller 0 epoch 13 for partition response_topic-0 (state.change.logger)
[2020-04-13 15:20:40,171] TRACE [Broker id=0] Received LeaderAndIsr request PartitionState(controllerEpoch=1, leader=0, leaderEpoch=0, isr=0, zkVersion=0, replicas=0, isNew=false) correlation id 1 from controller 0 epoch 13 for partition company-0 (state.change.logger)
[2020-04-13 15:20:40,171] TRACE [Broker id=0] Received LeaderAndIsr request PartitionState(controllerEpoch=1, leader=0, leaderEpoch=0, isr=0, zkVersion=0, replicas=0, isNew=false) correlation id 1 from controller 0 epoch 13 for partition account-0 (state.change.logger)
[2020-04-13 15:20:40,172] TRACE [Broker id=0] Received LeaderAndIsr request PartitionState(controllerEpoch=1, leader=0, leaderEpoch=0, isr=0, zkVersion=0, replicas=0, isNew=false) correlation id 1 from controller 0 epoch 13 for partition studentActivities-0 (state.change.logger)
[2020-04-13 15:20:40,172] TRACE [Broker id=0] Received LeaderAndIsr request PartitionState(controllerEpoch=1, leader=0, leaderEpoch=0, isr=0, zkVersion=0, replicas=0, isNew=false) correlation id 1 from controller 0 epoch 13 for partition companyActivities-0 (state.change.logger)
[2020-04-13 15:20:40,172] WARN [Broker id=0] Ignoring LeaderAndIsr request from controller 0 with correlation id 1 epoch 13 for partition student-0 since its associated leader epoch 0 is not higher than the current leader epoch 0 (state.change.logger)
[2020-04-13 15:20:40,173] WARN [Broker id=0] Ignoring LeaderAndIsr request from controller 0 with correlation id 1 epoch 13 for partition response_topic-0 since its associated leader epoch 0 is not higher than the current leader epoch 0 (state.change.logger)
[2020-04-13 15:20:40,173] WARN [Broker id=0] Ignoring LeaderAndIsr request from controller 0 with correlation id 1 epoch 13 for partition company-0 since its associated leader epoch 0 is not higher than the current leader epoch 0 (state.change.logger)
[2020-04-13 15:20:40,173] WARN [Broker id=0] Ignoring LeaderAndIsr request from controller 0 with correlation id 1 epoch 13 for partition account-0 since its associated leader epoch 0 is not higher than the current leader epoch 0 (state.change.logger)
[2020-04-13 15:20:40,173] WARN [Broker id=0] Ignoring LeaderAndIsr request from controller 0 with correlation id 1 epoch 13 for partition studentActivities-0 since its associated leader epoch 0 is not higher than the current leader epoch 0 (state.change.logger)
[2020-04-13 15:20:40,173] WARN [Broker id=0] Ignoring LeaderAndIsr request from controller 0 with correlation id 1 epoch 13 for partition companyActivities-0 since its associated leader epoch 0 is not higher than the current leader epoch 0 (state.change.logger)
[2020-04-13 15:20:40,174] TRACE [Controller id=0 epoch=13] Received response {error_code=0,partitions=[{topic=student,partition=0,error_code=11},{topic=response_topic,partition=0,error_code=11},{topic=company,partition=0,error_code=11},{topic=account,partition=0,error_code=11},{topic=studentActivities,partition=0,error_code=11},{topic=companyActivities,partition=0,error_code=11}]} for request LEADER_AND_ISR with correlation id 1 sent to broker localhost:9092 (id: 0 rack: null) (state.change.logger)
[2020-04-13 15:20:40,175] TRACE [Broker id=0] Cached leader info PartitionState(controllerEpoch=1, leader=0, leaderEpoch=0, isr=[0], zkVersion=0, replicas=[0], offlineReplicas=[]) for partition student-0 in response to UpdateMetadata request sent by controller 0 epoch 13 with correlation id 2 (state.change.logger)
[2020-04-13 15:20:40,175] TRACE [Broker id=0] Cached leader info PartitionState(controllerEpoch=1, leader=0, leaderEpoch=0, isr=[0], zkVersion=0, replicas=[0], offlineReplicas=[]) for partition response_topic-0 in response to UpdateMetadata request sent by controller 0 epoch 13 with correlation id 2 (state.change.logger)
[2020-04-13 15:20:40,175] TRACE [Broker id=0] Cached leader info PartitionState(controllerEpoch=1, leader=0, leaderEpoch=0, isr=[0], zkVersion=0, replicas=[0], offlineReplicas=[]) for partition company-0 in response to UpdateMetadata request sent by controller 0 epoch 13 with correlation id 2 (state.change.logger)
[2020-04-13 15:20:40,175] TRACE [Broker id=0] Cached leader info PartitionState(controllerEpoch=1, leader=0, leaderEpoch=0, isr=[0], zkVersion=0, replicas=[0], offlineReplicas=[]) for partition account-0 in response to UpdateMetadata request sent by controller 0 epoch 13 with correlation id 2 (state.change.logger)
[2020-04-13 15:20:40,175] TRACE [Broker id=0] Cached leader info PartitionState(controllerEpoch=1, leader=0, leaderEpoch=0, isr=[0], zkVersion=0, replicas=[0], offlineReplicas=[]) for partition studentActivities-0 in response to UpdateMetadata request sent by controller 0 epoch 13 with correlation id 2 (state.change.logger)
[2020-04-13 15:20:40,175] TRACE [Broker id=0] Cached leader info PartitionState(controllerEpoch=1, leader=0, leaderEpoch=0, isr=[0], zkVersion=0, replicas=[0], offlineReplicas=[]) for partition companyActivities-0 in response to UpdateMetadata request sent by controller 0 epoch 13 with correlation id 2 (state.change.logger)
[2020-04-13 15:20:40,175] TRACE [Controller id=0 epoch=13] Received response {error_code=0} for request UPDATE_METADATA with correlation id 2 sent to broker localhost:9092 (id: 0 rack: null) (state.change.logger)
[2020-04-13 15:43:14,649] DEBUG preRegister called. Server=com.sun.jmx.mbeanserver.JmxMBeanServer@66d3c617, name=log4j:logger=state.change.logger (state.change.logger)
[2020-04-13 15:43:39,604] TRACE [Controller id=0 epoch=14] Sending UpdateMetadata request PartitionState(controllerEpoch=1, leader=0, leaderEpoch=0, isr=[0], zkVersion=0, replicas=[0], offlineReplicas=[]) to brokers Set(0) for partition student-0 (state.change.logger)
[2020-04-13 15:43:39,604] TRACE [Controller id=0 epoch=14] Sending UpdateMetadata request PartitionState(controllerEpoch=1, leader=0, leaderEpoch=0, isr=[0], zkVersion=0, replicas=[0], offlineReplicas=[]) to brokers Set(0) for partition studentActivities-0 (state.change.logger)
[2020-04-13 15:43:39,605] TRACE [Controller id=0 epoch=14] Sending UpdateMetadata request PartitionState(controllerEpoch=1, leader=0, leaderEpoch=0, isr=[0], zkVersion=0, replicas=[0], offlineReplicas=[]) to brokers Set(0) for partition companyActivities-0 (state.change.logger)
[2020-04-13 15:43:39,605] TRACE [Controller id=0 epoch=14] Sending UpdateMetadata request PartitionState(controllerEpoch=1, leader=0, leaderEpoch=0, isr=[0], zkVersion=0, replicas=[0], offlineReplicas=[]) to brokers Set(0) for partition company-0 (state.change.logger)
[2020-04-13 15:43:39,605] TRACE [Controller id=0 epoch=14] Sending UpdateMetadata request PartitionState(controllerEpoch=1, leader=0, leaderEpoch=0, isr=[0], zkVersion=0, replicas=[0], offlineReplicas=[]) to brokers Set(0) for partition response_topic-0 (state.change.logger)
[2020-04-13 15:43:39,605] TRACE [Controller id=0 epoch=14] Sending UpdateMetadata request PartitionState(controllerEpoch=1, leader=0, leaderEpoch=0, isr=[0], zkVersion=0, replicas=[0], offlineReplicas=[]) to brokers Set(0) for partition account-0 (state.change.logger)
[2020-04-13 15:43:39,653] TRACE [Broker id=0] Cached leader info PartitionState(controllerEpoch=1, leader=0, leaderEpoch=0, isr=[0], zkVersion=0, replicas=[0], offlineReplicas=[]) for partition student-0 in response to UpdateMetadata request sent by controller 0 epoch 14 with correlation id 0 (state.change.logger)
[2020-04-13 15:43:39,653] TRACE [Broker id=0] Cached leader info PartitionState(controllerEpoch=1, leader=0, leaderEpoch=0, isr=[0], zkVersion=0, replicas=[0], offlineReplicas=[]) for partition response_topic-0 in response to UpdateMetadata request sent by controller 0 epoch 14 with correlation id 0 (state.change.logger)
[2020-04-13 15:43:39,653] TRACE [Broker id=0] Cached leader info PartitionState(controllerEpoch=1, leader=0, leaderEpoch=0, isr=[0], zkVersion=0, replicas=[0], offlineReplicas=[]) for partition company-0 in response to UpdateMetadata request sent by controller 0 epoch 14 with correlation id 0 (state.change.logger)
[2020-04-13 15:43:39,653] TRACE [Broker id=0] Cached leader info PartitionState(controllerEpoch=1, leader=0, leaderEpoch=0, isr=[0], zkVersion=0, replicas=[0], offlineReplicas=[]) for partition account-0 in response to UpdateMetadata request sent by controller 0 epoch 14 with correlation id 0 (state.change.logger)
[2020-04-13 15:43:39,653] TRACE [Broker id=0] Cached leader info PartitionState(controllerEpoch=1, leader=0, leaderEpoch=0, isr=[0], zkVersion=0, replicas=[0], offlineReplicas=[]) for partition studentActivities-0 in response to UpdateMetadata request sent by controller 0 epoch 14 with correlation id 0 (state.change.logger)
[2020-04-13 15:43:39,653] TRACE [Broker id=0] Cached leader info PartitionState(controllerEpoch=1, leader=0, leaderEpoch=0, isr=[0], zkVersion=0, replicas=[0], offlineReplicas=[]) for partition companyActivities-0 in response to UpdateMetadata request sent by controller 0 epoch 14 with correlation id 0 (state.change.logger)
[2020-04-13 15:43:39,673] TRACE [Controller id=0 epoch=14] Received response {error_code=0} for request UPDATE_METADATA with correlation id 0 sent to broker localhost:9092 (id: 0 rack: null) (state.change.logger)
[2020-04-13 15:43:39,679] TRACE [Controller id=0 epoch=14] Changed state of replica 0 for partition company-0 from OnlineReplica to OnlineReplica (state.change.logger)
[2020-04-13 15:43:39,679] TRACE [Controller id=0 epoch=14] Changed state of replica 0 for partition student-0 from OnlineReplica to OnlineReplica (state.change.logger)
[2020-04-13 15:43:39,681] TRACE [Controller id=0 epoch=14] Changed state of replica 0 for partition response_topic-0 from OnlineReplica to OnlineReplica (state.change.logger)
[2020-04-13 15:43:39,682] TRACE [Controller id=0 epoch=14] Changed state of replica 0 for partition studentActivities-0 from OnlineReplica to OnlineReplica (state.change.logger)
[2020-04-13 15:43:39,682] TRACE [Controller id=0 epoch=14] Changed state of replica 0 for partition companyActivities-0 from OnlineReplica to OnlineReplica (state.change.logger)
[2020-04-13 15:43:39,682] TRACE [Controller id=0 epoch=14] Changed state of replica 0 for partition account-0 from OnlineReplica to OnlineReplica (state.change.logger)
[2020-04-13 15:43:39,684] TRACE [Controller id=0 epoch=14] Sending become-leader LeaderAndIsr request PartitionState(controllerEpoch=1, leader=0, leaderEpoch=0, isr=0, zkVersion=0, replicas=0, isNew=false) to broker 0 for partition student-0 (state.change.logger)
[2020-04-13 15:43:39,684] TRACE [Controller id=0 epoch=14] Sending become-leader LeaderAndIsr request PartitionState(controllerEpoch=1, leader=0, leaderEpoch=0, isr=0, zkVersion=0, replicas=0, isNew=false) to broker 0 for partition studentActivities-0 (state.change.logger)
[2020-04-13 15:43:39,684] TRACE [Controller id=0 epoch=14] Sending become-leader LeaderAndIsr request PartitionState(controllerEpoch=1, leader=0, leaderEpoch=0, isr=0, zkVersion=0, replicas=0, isNew=false) to broker 0 for partition companyActivities-0 (state.change.logger)
[2020-04-13 15:43:39,684] TRACE [Controller id=0 epoch=14] Sending become-leader LeaderAndIsr request PartitionState(controllerEpoch=1, leader=0, leaderEpoch=0, isr=0, zkVersion=0, replicas=0, isNew=false) to broker 0 for partition company-0 (state.change.logger)
[2020-04-13 15:43:39,685] TRACE [Controller id=0 epoch=14] Sending become-leader LeaderAndIsr request PartitionState(controllerEpoch=1, leader=0, leaderEpoch=0, isr=0, zkVersion=0, replicas=0, isNew=false) to broker 0 for partition response_topic-0 (state.change.logger)
[2020-04-13 15:43:39,685] TRACE [Controller id=0 epoch=14] Sending become-leader LeaderAndIsr request PartitionState(controllerEpoch=1, leader=0, leaderEpoch=0, isr=0, zkVersion=0, replicas=0, isNew=false) to broker 0 for partition account-0 (state.change.logger)
[2020-04-13 15:43:39,686] TRACE [Controller id=0 epoch=14] Sending UpdateMetadata request PartitionState(controllerEpoch=1, leader=0, leaderEpoch=0, isr=[0], zkVersion=0, replicas=[0], offlineReplicas=[]) to brokers Set(0) for partition student-0 (state.change.logger)
[2020-04-13 15:43:39,687] TRACE [Controller id=0 epoch=14] Sending UpdateMetadata request PartitionState(controllerEpoch=1, leader=0, leaderEpoch=0, isr=[0], zkVersion=0, replicas=[0], offlineReplicas=[]) to brokers Set(0) for partition studentActivities-0 (state.change.logger)
[2020-04-13 15:43:39,687] TRACE [Controller id=0 epoch=14] Sending UpdateMetadata request PartitionState(controllerEpoch=1, leader=0, leaderEpoch=0, isr=[0], zkVersion=0, replicas=[0], offlineReplicas=[]) to brokers Set(0) for partition companyActivities-0 (state.change.logger)
[2020-04-13 15:43:39,687] TRACE [Controller id=0 epoch=14] Sending UpdateMetadata request PartitionState(controllerEpoch=1, leader=0, leaderEpoch=0, isr=[0], zkVersion=0, replicas=[0], offlineReplicas=[]) to brokers Set(0) for partition company-0 (state.change.logger)
[2020-04-13 15:43:39,687] TRACE [Controller id=0 epoch=14] Sending UpdateMetadata request PartitionState(controllerEpoch=1, leader=0, leaderEpoch=0, isr=[0], zkVersion=0, replicas=[0], offlineReplicas=[]) to brokers Set(0) for partition response_topic-0 (state.change.logger)
[2020-04-13 15:43:39,687] TRACE [Controller id=0 epoch=14] Sending UpdateMetadata request PartitionState(controllerEpoch=1, leader=0, leaderEpoch=0, isr=[0], zkVersion=0, replicas=[0], offlineReplicas=[]) to brokers Set(0) for partition account-0 (state.change.logger)
[2020-04-13 15:43:39,690] TRACE [Broker id=0] Received LeaderAndIsr request PartitionState(controllerEpoch=1, leader=0, leaderEpoch=0, isr=0, zkVersion=0, replicas=0, isNew=false) correlation id 1 from controller 0 epoch 14 for partition student-0 (state.change.logger)
[2020-04-13 15:43:39,690] TRACE [Broker id=0] Received LeaderAndIsr request PartitionState(controllerEpoch=1, leader=0, leaderEpoch=0, isr=0, zkVersion=0, replicas=0, isNew=false) correlation id 1 from controller 0 epoch 14 for partition response_topic-0 (state.change.logger)
[2020-04-13 15:43:39,690] TRACE [Broker id=0] Received LeaderAndIsr request PartitionState(controllerEpoch=1, leader=0, leaderEpoch=0, isr=0, zkVersion=0, replicas=0, isNew=false) correlation id 1 from controller 0 epoch 14 for partition company-0 (state.change.logger)
[2020-04-13 15:43:39,690] TRACE [Broker id=0] Received LeaderAndIsr request PartitionState(controllerEpoch=1, leader=0, leaderEpoch=0, isr=0, zkVersion=0, replicas=0, isNew=false) correlation id 1 from controller 0 epoch 14 for partition account-0 (state.change.logger)
[2020-04-13 15:43:39,690] TRACE [Broker id=0] Received LeaderAndIsr request PartitionState(controllerEpoch=1, leader=0, leaderEpoch=0, isr=0, zkVersion=0, replicas=0, isNew=false) correlation id 1 from controller 0 epoch 14 for partition studentActivities-0 (state.change.logger)
[2020-04-13 15:43:39,690] TRACE [Broker id=0] Received LeaderAndIsr request PartitionState(controllerEpoch=1, leader=0, leaderEpoch=0, isr=0, zkVersion=0, replicas=0, isNew=false) correlation id 1 from controller 0 epoch 14 for partition companyActivities-0 (state.change.logger)
[2020-04-13 15:43:39,699] TRACE [Broker id=0] Handling LeaderAndIsr request correlationId 1 from controller 0 epoch 14 starting the become-leader transition for partition student-0 (state.change.logger)
[2020-04-13 15:43:39,699] TRACE [Broker id=0] Handling LeaderAndIsr request correlationId 1 from controller 0 epoch 14 starting the become-leader transition for partition companyActivities-0 (state.change.logger)
[2020-04-13 15:43:39,699] TRACE [Broker id=0] Handling LeaderAndIsr request correlationId 1 from controller 0 epoch 14 starting the become-leader transition for partition studentActivities-0 (state.change.logger)
[2020-04-13 15:43:39,699] TRACE [Broker id=0] Handling LeaderAndIsr request correlationId 1 from controller 0 epoch 14 starting the become-leader transition for partition response_topic-0 (state.change.logger)
[2020-04-13 15:43:39,699] TRACE [Broker id=0] Handling LeaderAndIsr request correlationId 1 from controller 0 epoch 14 starting the become-leader transition for partition company-0 (state.change.logger)
[2020-04-13 15:43:39,699] TRACE [Broker id=0] Handling LeaderAndIsr request correlationId 1 from controller 0 epoch 14 starting the become-leader transition for partition account-0 (state.change.logger)
[2020-04-13 15:43:39,732] TRACE [Broker id=0] Stopped fetchers as part of become-leader request from controller 0 epoch 14 with correlation id 1 for partition student-0 (last update controller epoch 1) (state.change.logger)
[2020-04-13 15:43:39,734] TRACE [Broker id=0] Stopped fetchers as part of become-leader request from controller 0 epoch 14 with correlation id 1 for partition companyActivities-0 (last update controller epoch 1) (state.change.logger)
[2020-04-13 15:43:39,736] TRACE [Broker id=0] Stopped fetchers as part of become-leader request from controller 0 epoch 14 with correlation id 1 for partition studentActivities-0 (last update controller epoch 1) (state.change.logger)
[2020-04-13 15:43:39,739] TRACE [Broker id=0] Stopped fetchers as part of become-leader request from controller 0 epoch 14 with correlation id 1 for partition response_topic-0 (last update controller epoch 1) (state.change.logger)
[2020-04-13 15:43:39,742] TRACE [Broker id=0] Stopped fetchers as part of become-leader request from controller 0 epoch 14 with correlation id 1 for partition company-0 (last update controller epoch 1) (state.change.logger)
[2020-04-13 15:43:39,744] TRACE [Broker id=0] Stopped fetchers as part of become-leader request from controller 0 epoch 14 with correlation id 1 for partition account-0 (last update controller epoch 1) (state.change.logger)
[2020-04-13 15:43:39,745] TRACE [Broker id=0] Completed LeaderAndIsr request correlationId 1 from controller 0 epoch 14 for the become-leader transition for partition student-0 (state.change.logger)
[2020-04-13 15:43:39,745] TRACE [Broker id=0] Completed LeaderAndIsr request correlationId 1 from controller 0 epoch 14 for the become-leader transition for partition companyActivities-0 (state.change.logger)
[2020-04-13 15:43:39,746] TRACE [Broker id=0] Completed LeaderAndIsr request correlationId 1 from controller 0 epoch 14 for the become-leader transition for partition studentActivities-0 (state.change.logger)
[2020-04-13 15:43:39,746] TRACE [Broker id=0] Completed LeaderAndIsr request correlationId 1 from controller 0 epoch 14 for the become-leader transition for partition response_topic-0 (state.change.logger)
[2020-04-13 15:43:39,746] TRACE [Broker id=0] Completed LeaderAndIsr request correlationId 1 from controller 0 epoch 14 for the become-leader transition for partition company-0 (state.change.logger)
[2020-04-13 15:43:39,746] TRACE [Broker id=0] Completed LeaderAndIsr request correlationId 1 from controller 0 epoch 14 for the become-leader transition for partition account-0 (state.change.logger)
[2020-04-13 15:43:39,757] TRACE [Controller id=0 epoch=14] Received response {error_code=0,partitions=[{topic=student,partition=0,error_code=0},{topic=response_topic,partition=0,error_code=0},{topic=company,partition=0,error_code=0},{topic=account,partition=0,error_code=0},{topic=studentActivities,partition=0,error_code=0},{topic=companyActivities,partition=0,error_code=0}]} for request LEADER_AND_ISR with correlation id 1 sent to broker localhost:9092 (id: 0 rack: null) (state.change.logger)
[2020-04-13 15:43:39,763] TRACE [Broker id=0] Cached leader info PartitionState(controllerEpoch=1, leader=0, leaderEpoch=0, isr=[0], zkVersion=0, replicas=[0], offlineReplicas=[]) for partition student-0 in response to UpdateMetadata request sent by controller 0 epoch 14 with correlation id 2 (state.change.logger)
[2020-04-13 15:43:39,763] TRACE [Broker id=0] Cached leader info PartitionState(controllerEpoch=1, leader=0, leaderEpoch=0, isr=[0], zkVersion=0, replicas=[0], offlineReplicas=[]) for partition response_topic-0 in response to UpdateMetadata request sent by controller 0 epoch 14 with correlation id 2 (state.change.logger)
[2020-04-13 15:43:39,763] TRACE [Broker id=0] Cached leader info PartitionState(controllerEpoch=1, leader=0, leaderEpoch=0, isr=[0], zkVersion=0, replicas=[0], offlineReplicas=[]) for partition company-0 in response to UpdateMetadata request sent by controller 0 epoch 14 with correlation id 2 (state.change.logger)
[2020-04-13 15:43:39,763] TRACE [Broker id=0] Cached leader info PartitionState(controllerEpoch=1, leader=0, leaderEpoch=0, isr=[0], zkVersion=0, replicas=[0], offlineReplicas=[]) for partition account-0 in response to UpdateMetadata request sent by controller 0 epoch 14 with correlation id 2 (state.change.logger)
[2020-04-13 15:43:39,764] TRACE [Broker id=0] Cached leader info PartitionState(controllerEpoch=1, leader=0, leaderEpoch=0, isr=[0], zkVersion=0, replicas=[0], offlineReplicas=[]) for partition studentActivities-0 in response to UpdateMetadata request sent by controller 0 epoch 14 with correlation id 2 (state.change.logger)
[2020-04-13 15:43:39,764] TRACE [Broker id=0] Cached leader info PartitionState(controllerEpoch=1, leader=0, leaderEpoch=0, isr=[0], zkVersion=0, replicas=[0], offlineReplicas=[]) for partition companyActivities-0 in response to UpdateMetadata request sent by controller 0 epoch 14 with correlation id 2 (state.change.logger)
[2020-04-13 15:43:39,766] TRACE [Controller id=0 epoch=14] Received response {error_code=0} for request UPDATE_METADATA with correlation id 2 sent to broker localhost:9092 (id: 0 rack: null) (state.change.logger)
